<?xml version="1.0" encoding="UTF-8"?>
<testsuite xmlns:xsi="http://www.w3.org/2001/XMLSchema-instance" xsi:noNamespaceSchemaLocation="https://maven.apache.org/surefire/maven-surefire-plugin/xsd/surefire-test-report.xsd" version="3.0.2" name="com.duoc.educloud.EducloudApplicationTests" time="5.15" tests="1" errors="0" skipped="0" failures="0">
  <properties>
[...]
</properties>
  <testcase name="contextLoads" classname="com.duoc.educloud.EducloudApplicationTests" time="0.309">
    <system-out><![CDATA[Standard Commons Logging discovery in action with spring-jcl: please remove commons-logging.jar from classpath in order to avoid potential conflicts
12:50:55.814 [main] INFO org.springframework.test.context.support.AnnotationConfigContextLoaderUtils -- Could not detect default configuration classes for test class [com.duoc.educloud.EducloudApplicationTests]: EducloudApplicationTests does not declare any static, non-private, non-final, nested classes annotated with @Configuration.
12:50:55.917 [main] INFO org.springframework.boot.test.context.SpringBootTestContextBootstrapper -- Found @SpringBootConfiguration com.duoc.educloud.EducloudApplication for test class com.duoc.educloud.EducloudApplicationTests

  .   ____          _            __ _ _
 /\\ / ___'_ __ _ _(_)_ __  __ _ \ \ \ \
( ( )\___ | '_ | '_| | '_ \/ _` | \ \ \ \
 \\/  ___)| |_)| | | | | || (_| |  ) ) ) )
  '  |____| .__|_| |_|_| |_\__, | / / / /
 =========|_|==============|___/=/_/_/_/

 :: Spring Boot ::                (v3.5.7)

2026-06-22T12:50:56.310-04:00  INFO 7112 --- [educloud-inscripciones] [           main] c.d.educloud.EducloudApplicationTests    : Starting EducloudApplicationTests using Java 21.0.9 with PID 7112 (started by Maximiliano in C:\Users\Maximiliano\Desktop\bimestre2)
2026-06-22T12:50:56.311-04:00  INFO 7112 --- [educloud-inscripciones] [           main] c.d.educloud.EducloudApplicationTests    : The following 1 profile is active: "test"
2026-06-22T12:50:56.974-04:00  INFO 7112 --- [educloud-inscripciones] [           main] .s.d.r.c.RepositoryConfigurationDelegate : Bootstrapping Spring Data JPA repositories in DEFAULT mode.
2026-06-22T12:50:57.027-04:00  INFO 7112 --- [educloud-inscripciones] [           main] .s.d.r.c.RepositoryConfigurationDelegate : Finished Spring Data repository scanning in 44 ms. Found 2 JPA repository interfaces.
2026-06-22T12:50:57.530-04:00  INFO 7112 --- [educloud-inscripciones] [           main] o.hibernate.jpa.internal.util.LogHelper  : HHH000204: Processing PersistenceUnitInfo [name: default]
2026-06-22T12:50:57.590-04:00  INFO 7112 --- [educloud-inscripciones] [           main] org.hibernate.Version                    : HHH000412: Hibernate ORM core version 6.6.33.Final
2026-06-22T12:50:57.639-04:00  INFO 7112 --- [educloud-inscripciones] [           main] o.h.c.internal.RegionFactoryInitiator    : HHH000026: Second-level cache disabled
2026-06-22T12:50:57.947-04:00  INFO 7112 --- [educloud-inscripciones] [           main] o.s.o.j.p.SpringPersistenceUnitInfo      : No LoadTimeWeaver setup: ignoring JPA class transformer
2026-06-22T12:50:57.982-04:00  INFO 7112 --- [educloud-inscripciones] [           main] com.zaxxer.hikari.HikariDataSource       : HikariPool-1 - Starting...
2026-06-22T12:50:58.263-04:00  INFO 7112 --- [educloud-inscripciones] [           main] com.zaxxer.hikari.pool.HikariPool        : HikariPool-1 - Added connection conn0: url=jdbc:h2:mem:testdb user=SA
2026-06-22T12:50:58.264-04:00  INFO 7112 --- [educloud-inscripciones] [           main] com.zaxxer.hikari.HikariDataSource       : HikariPool-1 - Start completed.
2026-06-22T12:50:58.286-04:00  WARN 7112 --- [educloud-inscripciones] [           main] org.hibernate.orm.deprecation            : HHH90000025: H2Dialect does not need to be specified explicitly using 'hibernate.dialect' (remove the property setting and it will be selected by default)
2026-06-22T12:50:58.302-04:00  INFO 7112 --- [educloud-inscripciones] [           main] org.hibernate.orm.connections.pooling    : HHH10001005: Database info:
	Database JDBC URL [Connecting through datasource 'HikariDataSource (HikariPool-1)']
	Database driver: undefined/unknown
	Database version: 2.3.232
	Autocommit mode: undefined/unknown
	Isolation level: undefined/unknown
	Minimum pool size: undefined/unknown
	Maximum pool size: undefined/unknown
2026-06-22T12:50:59.032-04:00  INFO 7112 --- [educloud-inscripciones] [           main] o.h.e.t.j.p.i.JtaPlatformInitiator       : HHH000489: No JTA platform available (set 'hibernate.transaction.jta.platform' to enable JTA platform integration)
2026-06-22T12:50:59.074-04:00  INFO 7112 --- [educloud-inscripciones] [           main] j.LocalContainerEntityManagerFactoryBean : Initialized JPA EntityManagerFactory for persistence unit 'default'
2026-06-22T12:50:59.861-04:00  WARN 7112 --- [educloud-inscripciones] [           main] JpaBaseConfiguration$JpaWebConfiguration : spring.jpa.open-in-view is enabled by default. Therefore, database queries may be performed during view rendering. Explicitly configure spring.jpa.open-in-view to disable this warning
2026-06-22T12:51:00.432-04:00  INFO 7112 --- [educloud-inscripciones] [           main] o.s.b.a.h2.H2ConsoleAutoConfiguration    : H2 console available at '/h2-console'. Database available at 'jdbc:h2:mem:testdb'
2026-06-22T12:51:00.503-04:00  INFO 7112 --- [educloud-inscripciones] [           main] c.d.educloud.EducloudApplicationTests    : Started EducloudApplicationTests in 4.44 seconds (process running for 5.285)
]]></system-out>
    <system-err><![CDATA[Mockito is currently self-attaching to enable the inline-mock-maker. This will no longer work in future releases of the JDK. Please add Mockito as an agent to your build as described in Mockito's documentation: https://javadoc.io/doc/org.mockito/mockito-core/latest/org.mockito/org/mockito/Mockito.html#0.3
WARNING: A Java agent has been loaded dynamically (C:\Users\Maximiliano\.m2\repository\net\bytebuddy\byte-buddy-agent\1.17.8\byte-buddy-agent-1.17.8.jar)
WARNING: If a serviceability tool is in use, please run with -XX:+EnableDynamicAgentLoading to hide this warning
WARNING: If a serviceability tool is not in use, please run with -Djdk.instrument.traceUsage for more information
WARNING: Dynamic loading of agents will be disallowed by default in a future release
]]></system-err>
  </testcase>
</testsuite>